<?xml version="1.0" encoding="UTF-8"?>
<!-- Generated by org.testng.reporters.JUnitReportReporter -->
<testsuite skipped="0" hostname="HARDIKs-MacBook-Pro.local" name="test.LoginTest" tests="1" failures="0" timestamp="17 Dec 2020 22:58:48 GMT" time="6.775" errors="0">
  <testcase name="loginTest" time="6.775" classname="test.LoginTest"/>
</testsuite> <!-- test.LoginTest -->
